<?xml version="1.0" encoding="UTF-8"?>
<testng-results ignored="0" total="1" passed="1" failed="0" skipped="0">
  <reporter-output>
  </reporter-output>
  <suite started-at="2025-03-17T19:28:11 GMT" name="Suite" finished-at="2025-03-17T19:28:19 GMT" duration-ms="7914">
    <groups>
    </groups>
    <test started-at="2025-03-17T19:28:11 GMT" name="Test" finished-at="2025-03-17T19:28:19 GMT" duration-ms="7914">
      <class name="TestDemo.OrangeHRM">
        <test-method is-config="true" signature="StartBrowser()[pri:0, instance:TestDemo.OrangeHRM@7dcf94f8]" started-at="2025-03-17T19:28:11 GMT" name="StartBrowser" finished-at="2025-03-17T19:28:15 GMT" duration-ms="3136" status="PASS">
          <reporter-output>
          </reporter-output>
        </test-method> <!-- StartBrowser -->
        <test-method signature="OpenApp()[pri:0, instance:TestDemo.OrangeHRM@7dcf94f8]" started-at="2025-03-17T19:28:15 GMT" name="OpenApp" finished-at="2025-03-17T19:28:19 GMT" duration-ms="4726" status="PASS">
          <reporter-output>
          </reporter-output>
        </test-method> <!-- OpenApp -->
      </class> <!-- TestDemo.OrangeHRM -->
    </test> <!-- Test -->
  </suite> <!-- Suite -->
</testng-results>
